<?xml version="1.0" encoding="UTF-8"?>
<!-- Generated by org.testng.reporters.JUnitReportReporter -->
<testsuite hostname="DESKTOP-QKDDANP" failures="0" tests="1" name="piit.AutomationTrainingProgram.NewTest" time="0.005" errors="0" timestamp="11 May 2022 01:57:35 GMT">
  <testcase classname="piit.AutomationTrainingProgram.NewTest" name="f" time="0.005"/>
</testsuite> <!-- piit.AutomationTrainingProgram.NewTest -->
